beagle.27Jan18.7e1.jar (version 4.1)
Copyright (C) 2014-2015 Brian L. Browning
Enter "java -jar beagle.27Jan18.7e1.jar" for a summary of command line arguments.
Start time: 04:43 AM UTC on 04 Mar 2026

Command line: java -Xmx4096m -jar beagle.jar
  gt=../data/ps2_ibd_phased.vcf.gz
  chrom=22
  map=../data/maps/chr22.map
  out=../data/beagle/ps2_ibd_chr22
  ibd=true

reference samples:       0
target samples:         97

Window 1 [ 22:16494187-51211392 ]
target markers:      13595

Refined IBD
model scale: 2.00
run time:    2 seconds

mean edges/level: 7      max edges/level: 15
mean edges/node:  1.340  mean count/edge: 28

Number of markers:               13595
Total time for building model: 0 seconds
Total time for IBD detection:  2 seconds
Total run time:                7 seconds

End time: 04:43 AM UTC on 04 Mar 2026
beagle.27Jan18.7e1.jar (version 4.1) finished
