beagle.27Jan18.7e1.jar (version 4.1)
Copyright (C) 2014-2015 Brian L. Browning
Enter "java -jar beagle.27Jan18.7e1.jar" for a summary of command line arguments.
Start time: 04:41 AM UTC on 04 Mar 2026

Command line: java -Xmx4096m -jar beagle.jar
  gt=../data/ps2_ibd_phased.vcf.gz
  chrom=6
  map=../data/maps/chr6.map
  out=../data/beagle/ps2_ibd_chr6
  ibd=true

reference samples:       0
target samples:         97

Window 1 [ 6:180959-140816108 ]
target markers:      50000

Refined IBD
model scale: 2.00
run time:    4 seconds

mean edges/level: 7      max edges/level: 17
mean edges/node:  1.263  mean count/edge: 28

Window 2 [ 6:131809436-170919470 ]
target markers:      15025

Refined IBD
model scale: 2.00
run time:    2 seconds

mean edges/level: 7      max edges/level: 16
mean edges/node:  1.322  mean count/edge: 28

Number of markers:               62025
Total time for building model: 2 seconds
Total time for IBD detection:  5 seconds
Total run time:                10 seconds

End time: 04:41 AM UTC on 04 Mar 2026
beagle.27Jan18.7e1.jar (version 4.1) finished
