beagle.27Jan18.7e1.jar (version 4.1)
Copyright (C) 2014-2015 Brian L. Browning
Enter "java -jar beagle.27Jan18.7e1.jar" for a summary of command line arguments.
Start time: 04:40 AM UTC on 04 Mar 2026

Command line: java -Xmx4096m -jar beagle.jar
  gt=../data/ps2_ibd_phased.vcf.gz
  chrom=1
  map=../data/maps/chr1.map
  out=../data/beagle/ps2_ibd_chr1
  ibd=true

reference samples:       0
target samples:         97

Window 1 [ 1:752566-176311597 ]
target markers:      50000

Refined IBD
model scale: 2.00
run time:    3 seconds

mean edges/level: 7      max edges/level: 16
mean edges/node:  1.305  mean count/edge: 28

Window 2 [ 1:167533014-249218992 ]
target markers:      27755

Refined IBD
model scale: 2.00
run time:    2 seconds

mean edges/level: 7      max edges/level: 15
mean edges/node:  1.307  mean count/edge: 28

Number of markers:               74755
Total time for building model: 2 seconds
Total time for IBD detection:  6 seconds
Total run time:                9 seconds

End time: 04:40 AM UTC on 04 Mar 2026
beagle.27Jan18.7e1.jar (version 4.1) finished
